TN:
SF:src\App.tsx
FN:3,App
FNF:1
FNH:0
FNDA:0,App
DA:1,0
DA:4,0
DA:7,0
LF:3
LH:0
BRF:0
BRH:0
end_of_record
TN:
SF:src\api\tasks.ts
FN:6,fetchTasks
FN:11,addTask
FN:16,completeTask
FNF:3
FNH:3
FNDA:2,fetchTasks
FNDA:2,addTask
FNDA:2,completeTask
DA:1,1
DA:4,1
DA:6,1
DA:7,2
DA:8,1
DA:11,1
DA:12,2
DA:13,1
DA:16,1
DA:17,2
DA:18,1
LF:11
LH:11
BRF:0
BRH:0
end_of_record
TN:
SF:src\components\TaskCard.tsx
FN:8,TaskCard
FN:24,(anonymous_1)
FNF:2
FNH:2
FNDA:7,TaskCard
FNDA:1,(anonymous_1)
DA:8,2
DA:9,7
DA:24,1
LF:3
LH:3
BRF:0
BRH:0
end_of_record
TN:
SF:src\components\TaskForm.tsx
FN:8,TaskForm
FN:12,(anonymous_1)
FN:26,(anonymous_2)
FN:33,(anonymous_3)
FNF:4
FNH:4
FNDA:17,TaskForm
FNDA:4,(anonymous_1)
FNDA:4,(anonymous_2)
FNDA:4,(anonymous_3)
DA:2,1
DA:8,1
DA:9,17
DA:10,17
DA:12,17
DA:13,4
DA:14,4
DA:15,3
DA:16,3
DA:17,3
DA:20,17
DA:26,4
DA:33,4
LF:13
LH:13
BRDA:14,0,0,1
BRF:1
BRH:1
end_of_record
TN:
SF:src\components\TaskList.tsx
FN:9,TaskList
FN:15,(anonymous_2)
FNF:2
FNH:2
FNDA:3,TaskList
FNDA:3,(anonymous_2)
DA:2,1
DA:9,1
DA:10,3
DA:15,3
LF:4
LH:4
BRDA:12,0,0,1
BRDA:12,0,1,2
BRF:2
BRH:2
end_of_record
TN:
SF:src\pages\HomePage.tsx
FN:7,HomePage
FN:12,(anonymous_9)
FN:12,(anonymous_10)
FN:25,(anonymous_11)
FN:29,(anonymous_12)
FN:29,(anonymous_13)
FN:38,(anonymous_14)
FN:38,(anonymous_15)
FN:41,(anonymous_16)
FN:41,(anonymous_17)
FNF:10
FNH:0
FNDA:0,HomePage
FNDA:0,(anonymous_9)
FNDA:0,(anonymous_10)
FNDA:0,(anonymous_11)
FNDA:0,(anonymous_12)
FNDA:0,(anonymous_13)
FNDA:0,(anonymous_14)
FNDA:0,(anonymous_15)
FNDA:0,(anonymous_16)
FNDA:0,(anonymous_17)
DA:1,0
DA:2,0
DA:3,0
DA:4,0
DA:8,0
DA:9,0
DA:10,0
DA:12,0
DA:13,0
DA:14,0
DA:15,0
DA:16,0
DA:17,0
DA:19,0
DA:21,0
DA:25,0
DA:26,0
DA:29,0
DA:30,0
DA:31,0
DA:32,0
DA:34,0
DA:38,0
DA:39,0
DA:40,0
DA:41,0
DA:43,0
DA:47,0
DA:105,0
LF:29
LH:0
BRDA:92,0,0,0
BRDA:92,0,1,0
BRDA:94,1,0,0
BRDA:94,1,1,0
BRF:4
BRH:0
end_of_record
